<?xml version="1.0" encoding="UTF-8"?>
<!-- Generated by org.testng.reporters.JUnitReportReporter -->
<testsuite skipped="0" hostname="HDC4-D-9GXQ6C2" name="stepDefs.TestCollection" tests="1" failures="0" timestamp="11 Sep 2018 10:09:44 GMT" time="29.348" errors="0">
  <testcase name="method1" time="29.348" classname="stepDefs.TestCollection"/>
</testsuite> <!-- stepDefs.TestCollection -->
